This file contains any messages produced by compilers while
running configure, to aid debugging if configure makes a mistake.

It was created by HTSlib configure 1.15.1, which was
generated by GNU Autoconf 2.69.  Invocation command line was

  $ ./configure 

## --------- ##
## Platform. ##
## --------- ##

hostname = Rajeeva’s-MacBook-Pro
uname -m = x86_64
uname -r = 21.5.0
uname -s = Darwin
uname -v = Darwin Kernel Version 21.5.0: Tue Apr 26 21:08:22 PDT 2022; root:xnu-8020.121.3~4/RELEASE_X86_64

/usr/bin/uname -p = i386
/bin/uname -X     = unknown

/bin/arch              = unknown
/usr/bin/arch -k       = unknown
/usr/convex/getsysinfo = unknown
/usr/bin/hostinfo      = Mach kernel version:
	 Darwin Kernel Version 21.5.0: Tue Apr 26 21:08:22 PDT 2022; root:xnu-8020.121.3~4/RELEASE_X86_64
Kernel configured for up to 8 processors.
4 processors are physically available.
8 processors are logically available.
Processor type: x86_64h (Intel x86-64h Haswell)
Processors active: 0 1 2 3 4 5 6 7
Primary memory available: 16.00 gigabytes
Default processor set: 690 tasks, 3543 threads, 8 processors
Load average: 7.19, Mach factor: 2.19
/bin/machine           = unknown
/usr/bin/oslevel       = unknown
/bin/universe          = unknown

PATH: /usr/local/opt/llvm/bin
PATH: /Users/rmusunuri/miniconda3/bin
PATH: /Users/rmusunuri/miniconda3/condabin
PATH: /Users/rmusunuri/.asdf/shims
PATH: /usr/local/opt/asdf/libexec/bin
PATH: /usr/local/Caskroom/google-cloud-sdk/latest/google-cloud-sdk/bin
PATH: /usr/local/bin
PATH: /usr/bin
PATH: /bin
PATH: /usr/sbin
PATH: /sbin
PATH: /Library/Apple/usr/bin


## ----------- ##
## Core tests. ##
## ----------- ##

configure:2232: checking for gcc
configure:2248: found /usr/bin/gcc
configure:2259: result: gcc
configure:2488: checking for C compiler version
configure:2497: gcc --version >&5
Apple clang version 13.0.0 (clang-1300.0.29.30)
Target: x86_64-apple-darwin21.5.0
Thread model: posix
InstalledDir: /Applications/Xcode.app/Contents/Developer/Toolchains/XcodeDefault.xctoolchain/usr/bin
Configured with: --prefix=/Applications/Xcode.app/Contents/Developer/usr --with-gxx-include-dir=/Library/Developer/CommandLineTools/SDKs/MacOSX.sdk/usr/include/c++/4.2.1
configure:2508: $? = 0
configure:2497: gcc -v >&5
Configured with: --prefix=/Applications/Xcode.app/Contents/Developer/usr --with-gxx-include-dir=/Library/Developer/CommandLineTools/SDKs/MacOSX.sdk/usr/include/c++/4.2.1
Apple clang version 13.0.0 (clang-1300.0.29.30)
Target: x86_64-apple-darwin21.5.0
Thread model: posix
InstalledDir: /Applications/Xcode.app/Contents/Developer/Toolchains/XcodeDefault.xctoolchain/usr/bin
configure:2508: $? = 0
configure:2497: gcc -V >&5
clang: error: argument to '-V' is missing (expected 1 value)
clang: error: no input files
configure:2508: $? = 1
configure:2497: gcc -qversion >&5
clang: error: unknown argument '-qversion'; did you mean '--version'?
clang: error: no input files
configure:2508: $? = 1
configure:2528: checking whether the C compiler works
configure:2550: gcc    conftest.c  >&5
configure:2554: $? = 0
configure:2602: result: yes
configure:2605: checking for C compiler default output file name
configure:2607: result: a.out
configure:2613: checking for suffix of executables
configure:2620: gcc -o conftest    conftest.c  >&5
configure:2624: $? = 0
configure:2646: result: 
configure:2668: checking whether we are cross compiling
configure:2676: gcc -o conftest    conftest.c  >&5
configure:2680: $? = 0
configure:2687: ./conftest
configure:2691: $? = 0
configure:2706: result: no
configure:2711: checking for suffix of object files
configure:2733: gcc -c   conftest.c >&5
configure:2737: $? = 0
configure:2758: result: o
configure:2762: checking whether we are using the GNU C compiler
configure:2781: gcc -c   conftest.c >&5
configure:2781: $? = 0
configure:2790: result: yes
configure:2799: checking whether gcc accepts -g
configure:2819: gcc -c -g  conftest.c >&5
configure:2819: $? = 0
configure:2860: result: yes
configure:2877: checking for gcc option to accept ISO C89
configure:2940: gcc  -c -g -O2  conftest.c >&5
configure:2940: $? = 0
configure:2953: result: none needed
configure:3016: checking for ranlib
configure:3032: found /usr/bin/ranlib
configure:3043: result: ranlib
configure:3066: checking for grep that handles long lines and -e
configure:3124: result: /usr/bin/grep
configure:3149: checking for C compiler warning flags
configure:3262: result: -Wall
configure:3403: checking for pkg-config
configure:3421: found /usr/local/bin/pkg-config
configure:3433: result: /usr/local/bin/pkg-config
configure:3458: checking pkg-config is at least version 0.9.0
configure:3461: result: yes
configure:3500: checking for special C compiler options needed for large files
configure:3545: result: no
configure:3551: checking for _FILE_OFFSET_BITS value needed for large files
configure:3576: gcc -c  -Wall -g -O2  conftest.c >&5
configure:3576: $? = 0
configure:3608: result: no
configure:3784: checking shared library type for unknown-Darwin
configure:3812: result: Darwin dylib
configure:3822: checking whether the compiler accepts -fvisibility=hidden
configure:3842: gcc -o conftest  -Wall -g -O2 -fvisibility=hidden   -fvisibility=hidden conftest.c  >&5
configure:3842: $? = 0
configure:3855: result: yes
configure:3909: checking how to run the C preprocessor
configure:3940: gcc -E  conftest.c
configure:3940: $? = 0
configure:3954: gcc -E  conftest.c
conftest.c:9:10: fatal error: 'ac_nonexistent.h' file not found
#include <ac_nonexistent.h>
         ^~~~~~~~~~~~~~~~~~
1 error generated.
configure:3954: $? = 1
configure: failed program was:
| /* confdefs.h */
| #define PACKAGE_NAME "HTSlib"
| #define PACKAGE_TARNAME "htslib"
| #define PACKAGE_VERSION "1.15.1"
| #define PACKAGE_STRING "HTSlib 1.15.1"
| #define PACKAGE_BUGREPORT "samtools-help@lists.sourceforge.net"
| #define PACKAGE_URL "http://www.htslib.org/"
| /* end confdefs.h.  */
| #include <ac_nonexistent.h>
configure:3979: result: gcc -E
configure:3999: gcc -E  conftest.c
configure:3999: $? = 0
configure:4013: gcc -E  conftest.c
conftest.c:9:10: fatal error: 'ac_nonexistent.h' file not found
#include <ac_nonexistent.h>
         ^~~~~~~~~~~~~~~~~~
1 error generated.
configure:4013: $? = 1
configure: failed program was:
| /* confdefs.h */
| #define PACKAGE_NAME "HTSlib"
| #define PACKAGE_TARNAME "htslib"
| #define PACKAGE_VERSION "1.15.1"
| #define PACKAGE_STRING "HTSlib 1.15.1"
| #define PACKAGE_BUGREPORT "samtools-help@lists.sourceforge.net"
| #define PACKAGE_URL "http://www.htslib.org/"
| /* end confdefs.h.  */
| #include <ac_nonexistent.h>
configure:4042: checking for egrep
configure:4104: result: /usr/bin/grep -E
configure:4109: checking for ANSI C header files
configure:4129: gcc -c  -Wall -g -O2 -fvisibility=hidden  conftest.c >&5
configure:4129: $? = 0
configure:4202: gcc -o conftest  -Wall -g -O2 -fvisibility=hidden   -fvisibility=hidden conftest.c  >&5
configure:4202: $? = 0
configure:4202: ./conftest
configure:4202: $? = 0
configure:4213: result: yes
configure:4226: checking for sys/types.h
configure:4226: gcc -c  -Wall -g -O2 -fvisibility=hidden  conftest.c >&5
configure:4226: $? = 0
configure:4226: result: yes
configure:4226: checking for sys/stat.h
configure:4226: gcc -c  -Wall -g -O2 -fvisibility=hidden  conftest.c >&5
configure:4226: $? = 0
configure:4226: result: yes
configure:4226: checking for stdlib.h
configure:4226: gcc -c  -Wall -g -O2 -fvisibility=hidden  conftest.c >&5
configure:4226: $? = 0
configure:4226: result: yes
configure:4226: checking for string.h
configure:4226: gcc -c  -Wall -g -O2 -fvisibility=hidden  conftest.c >&5
configure:4226: $? = 0
configure:4226: result: yes
configure:4226: checking for memory.h
configure:4226: gcc -c  -Wall -g -O2 -fvisibility=hidden  conftest.c >&5
configure:4226: $? = 0
configure:4226: result: yes
configure:4226: checking for strings.h
configure:4226: gcc -c  -Wall -g -O2 -fvisibility=hidden  conftest.c >&5
configure:4226: $? = 0
configure:4226: result: yes
configure:4226: checking for inttypes.h
configure:4226: gcc -c  -Wall -g -O2 -fvisibility=hidden  conftest.c >&5
configure:4226: $? = 0
configure:4226: result: yes
configure:4226: checking for stdint.h
configure:4226: gcc -c  -Wall -g -O2 -fvisibility=hidden  conftest.c >&5
configure:4226: $? = 0
configure:4226: result: yes
configure:4226: checking for unistd.h
configure:4226: gcc -c  -Wall -g -O2 -fvisibility=hidden  conftest.c >&5
configure:4226: $? = 0
configure:4226: result: yes
configure:4244: checking for stdlib.h
configure:4244: result: yes
configure:4244: checking for unistd.h
configure:4244: result: yes
configure:4244: checking for sys/param.h
configure:4244: gcc -c  -Wall -g -O2 -fvisibility=hidden  conftest.c >&5
configure:4244: $? = 0
configure:4244: result: yes
configure:4264: checking for getpagesize
configure:4264: gcc -o conftest  -Wall -g -O2 -fvisibility=hidden   -fvisibility=hidden conftest.c  >&5
configure:4264: $? = 0
configure:4264: result: yes
configure:4273: checking for working mmap
configure:4422: gcc -o conftest  -Wall -g -O2 -fvisibility=hidden   -fvisibility=hidden conftest.c  >&5
configure:4422: $? = 0
configure:4422: ./conftest
configure:4422: $? = 0
configure:4432: result: yes
configure:4444: checking for gmtime_r
configure:4444: gcc -o conftest  -Wall -g -O2 -fvisibility=hidden   -fvisibility=hidden conftest.c  >&5
configure:4444: $? = 0
configure:4444: result: yes
configure:4444: checking for fsync
configure:4444: gcc -o conftest  -Wall -g -O2 -fvisibility=hidden   -fvisibility=hidden conftest.c  >&5
configure:4444: $? = 0
configure:4444: result: yes
configure:4444: checking for drand48
configure:4444: gcc -o conftest  -Wall -g -O2 -fvisibility=hidden   -fvisibility=hidden conftest.c  >&5
configure:4444: $? = 0
configure:4444: result: yes
configure:4444: checking for srand48_deterministic
configure:4444: gcc -o conftest  -Wall -g -O2 -fvisibility=hidden   -fvisibility=hidden conftest.c  >&5
Undefined symbols for architecture x86_64:
  "_srand48_deterministic", referenced from:
      _main in conftest-a7567d.o
ld: symbol(s) not found for architecture x86_64
clang: error: linker command failed with exit code 1 (use -v to see invocation)
configure:4444: $? = 1
configure: failed program was:
| /* confdefs.h */
| #define PACKAGE_NAME "HTSlib"
| #define PACKAGE_TARNAME "htslib"
| #define PACKAGE_VERSION "1.15.1"
| #define PACKAGE_STRING "HTSlib 1.15.1"
| #define PACKAGE_BUGREPORT "samtools-help@lists.sourceforge.net"
| #define PACKAGE_URL "http://www.htslib.org/"
| #define STDC_HEADERS 1
| #define HAVE_SYS_TYPES_H 1
| #define HAVE_SYS_STAT_H 1
| #define HAVE_STDLIB_H 1
| #define HAVE_STRING_H 1
| #define HAVE_MEMORY_H 1
| #define HAVE_STRINGS_H 1
| #define HAVE_INTTYPES_H 1
| #define HAVE_STDINT_H 1
| #define HAVE_UNISTD_H 1
| #define HAVE_STDLIB_H 1
| #define HAVE_UNISTD_H 1
| #define HAVE_SYS_PARAM_H 1
| #define HAVE_GETPAGESIZE 1
| #define HAVE_MMAP 1
| #define HAVE_GMTIME_R 1
| #define HAVE_FSYNC 1
| #define HAVE_DRAND48 1
| /* end confdefs.h.  */
| /* Define srand48_deterministic to an innocuous variant, in case <limits.h> declares srand48_deterministic.
|    For example, HP-UX 11i <limits.h> declares gettimeofday.  */
| #define srand48_deterministic innocuous_srand48_deterministic
| 
| /* System header to define __stub macros and hopefully few prototypes,
|     which can conflict with char srand48_deterministic (); below.
|     Prefer <limits.h> to <assert.h> if __STDC__ is defined, since
|     <limits.h> exists even on freestanding compilers.  */
| 
| #ifdef __STDC__
| # include <limits.h>
| #else
| # include <assert.h>
| #endif
| 
| #undef srand48_deterministic
| 
| /* Override any GCC internal prototype to avoid an error.
|    Use char because int might match the return type of a GCC
|    builtin and then its argument prototype would still apply.  */
| #ifdef __cplusplus
| extern "C"
| #endif
| char srand48_deterministic ();
| /* The GNU C library defines this for functions which it implements
|     to always fail with ENOSYS.  Some functions are actually named
|     something starting with __ and the normal name is an alias.  */
| #if defined __stub_srand48_deterministic || defined __stub___srand48_deterministic
| choke me
| #endif
| 
| int
| main ()
| {
| return srand48_deterministic ();
|   ;
|   return 0;
| }
configure:4444: result: no
configure:4456: checking whether fdatasync is declared
configure:4456: gcc -c  -Wall -g -O2 -fvisibility=hidden  conftest.c >&5
conftest.c:67:10: error: use of undeclared identifier 'fdatasync'
  (void) fdatasync;
         ^
1 error generated.
configure:4456: $? = 1
configure: failed program was:
| /* confdefs.h */
| #define PACKAGE_NAME "HTSlib"
| #define PACKAGE_TARNAME "htslib"
| #define PACKAGE_VERSION "1.15.1"
| #define PACKAGE_STRING "HTSlib 1.15.1"
| #define PACKAGE_BUGREPORT "samtools-help@lists.sourceforge.net"
| #define PACKAGE_URL "http://www.htslib.org/"
| #define STDC_HEADERS 1
| #define HAVE_SYS_TYPES_H 1
| #define HAVE_SYS_STAT_H 1
| #define HAVE_STDLIB_H 1
| #define HAVE_STRING_H 1
| #define HAVE_MEMORY_H 1
| #define HAVE_STRINGS_H 1
| #define HAVE_INTTYPES_H 1
| #define HAVE_STDINT_H 1
| #define HAVE_UNISTD_H 1
| #define HAVE_STDLIB_H 1
| #define HAVE_UNISTD_H 1
| #define HAVE_SYS_PARAM_H 1
| #define HAVE_GETPAGESIZE 1
| #define HAVE_MMAP 1
| #define HAVE_GMTIME_R 1
| #define HAVE_FSYNC 1
| #define HAVE_DRAND48 1
| /* end confdefs.h.  */
| #include <stdio.h>
| #ifdef HAVE_SYS_TYPES_H
| # include <sys/types.h>
| #endif
| #ifdef HAVE_SYS_STAT_H
| # include <sys/stat.h>
| #endif
| #ifdef STDC_HEADERS
| # include <stdlib.h>
| # include <stddef.h>
| #else
| # ifdef HAVE_STDLIB_H
| #  include <stdlib.h>
| # endif
| #endif
| #ifdef HAVE_STRING_H
| # if !defined STDC_HEADERS && defined HAVE_MEMORY_H
| #  include <memory.h>
| # endif
| # include <string.h>
| #endif
| #ifdef HAVE_STRINGS_H
| # include <strings.h>
| #endif
| #ifdef HAVE_INTTYPES_H
| # include <inttypes.h>
| #endif
| #ifdef HAVE_STDINT_H
| # include <stdint.h>
| #endif
| #ifdef HAVE_UNISTD_H
| # include <unistd.h>
| #endif
| int
| main ()
| {
| #ifndef fdatasync
| #ifdef __cplusplus
|   (void) fdatasync((int) 0);
| #else
|   (void) fdatasync;
| #endif
| #endif
| 
|   ;
|   return 0;
| }
configure:4456: result: no
configure:4595: checking for library containing log
configure:4626: gcc -o conftest  -Wall -g -O2 -fvisibility=hidden   -fvisibility=hidden conftest.c  >&5
conftest.c:34:6: warning: incompatible redeclaration of library function 'log' [-Wincompatible-library-redeclaration]
char log ();
     ^
conftest.c:34:6: note: 'log' is a builtin with type 'double (double)'
1 warning generated.
configure:4626: $? = 0
configure:4643: result: none required
configure:4663: checking for zlib.h
configure:4663: gcc -c  -Wall -g -O2 -fvisibility=hidden  conftest.c >&5
configure:4663: $? = 0
configure:4663: result: yes
configure:4672: checking for inflate in -lz
configure:4697: gcc -o conftest  -Wall -g -O2 -fvisibility=hidden   -fvisibility=hidden conftest.c -lz   >&5
configure:4697: $? = 0
configure:4706: result: yes
configure:4737: checking for library containing recv
configure:4768: gcc -o conftest  -Wall -g -O2 -fvisibility=hidden   -fvisibility=hidden conftest.c -lz  >&5
configure:4768: $? = 0
configure:4785: result: none required
configure:4831: checking for bzlib.h
configure:4831: gcc -c  -Wall -g -O2 -fvisibility=hidden  conftest.c >&5
configure:4831: $? = 0
configure:4831: result: yes
configure:4840: checking for BZ2_bzBuffToBuffCompress in -lbz2
configure:4865: gcc -o conftest  -Wall -g -O2 -fvisibility=hidden   -fvisibility=hidden conftest.c -lbz2  -lz  >&5
configure:4865: $? = 0
configure:4874: result: yes
configure:4918: checking for lzma.h
configure:4918: gcc -c  -Wall -g -O2 -fvisibility=hidden  conftest.c >&5
conftest.c:31:10: fatal error: 'lzma.h' file not found
#include <lzma.h>
         ^~~~~~~~
1 error generated.
configure:4918: $? = 1
configure: failed program was:
| /* confdefs.h */
| #define PACKAGE_NAME "HTSlib"
| #define PACKAGE_TARNAME "htslib"
| #define PACKAGE_VERSION "1.15.1"
| #define PACKAGE_STRING "HTSlib 1.15.1"
| #define PACKAGE_BUGREPORT "samtools-help@lists.sourceforge.net"
| #define PACKAGE_URL "http://www.htslib.org/"
| #define STDC_HEADERS 1
| #define HAVE_SYS_TYPES_H 1
| #define HAVE_SYS_STAT_H 1
| #define HAVE_STDLIB_H 1
| #define HAVE_STRING_H 1
| #define HAVE_MEMORY_H 1
| #define HAVE_STRINGS_H 1
| #define HAVE_INTTYPES_H 1
| #define HAVE_STDINT_H 1
| #define HAVE_UNISTD_H 1
| #define HAVE_STDLIB_H 1
| #define HAVE_UNISTD_H 1
| #define HAVE_SYS_PARAM_H 1
| #define HAVE_GETPAGESIZE 1
| #define HAVE_MMAP 1
| #define HAVE_GMTIME_R 1
| #define HAVE_FSYNC 1
| #define HAVE_DRAND48 1
| #define HAVE_LIBZ 1
| #define HAVE_LIBBZ2 1
| /* end confdefs.h.  */
| ;
| 
| #include <lzma.h>
configure:4918: result: no
configure:4931: checking for lzma_easy_buffer_encode in -llzma
configure:4956: gcc -o conftest  -Wall -g -O2 -fvisibility=hidden   -fvisibility=hidden conftest.c -llzma  -lbz2 -lz  >&5
configure:4956: $? = 0
configure:4965: result: yes
configure:5078: checking whether htscodecs files are present
configure:5081: result: yes
configure:5119: checking for libdeflate.h
configure:5119: gcc -c  -Wall -g -O2 -fvisibility=hidden  conftest.c >&5
conftest.c:32:10: fatal error: 'libdeflate.h' file not found
#include <libdeflate.h>
         ^~~~~~~~~~~~~~
1 error generated.
configure:5119: $? = 1
configure: failed program was:
| /* confdefs.h */
| #define PACKAGE_NAME "HTSlib"
| #define PACKAGE_TARNAME "htslib"
| #define PACKAGE_VERSION "1.15.1"
| #define PACKAGE_STRING "HTSlib 1.15.1"
| #define PACKAGE_BUGREPORT "samtools-help@lists.sourceforge.net"
| #define PACKAGE_URL "http://www.htslib.org/"
| #define STDC_HEADERS 1
| #define HAVE_SYS_TYPES_H 1
| #define HAVE_SYS_STAT_H 1
| #define HAVE_STDLIB_H 1
| #define HAVE_STRING_H 1
| #define HAVE_MEMORY_H 1
| #define HAVE_STRINGS_H 1
| #define HAVE_INTTYPES_H 1
| #define HAVE_STDINT_H 1
| #define HAVE_UNISTD_H 1
| #define HAVE_STDLIB_H 1
| #define HAVE_UNISTD_H 1
| #define HAVE_SYS_PARAM_H 1
| #define HAVE_GETPAGESIZE 1
| #define HAVE_MMAP 1
| #define HAVE_GMTIME_R 1
| #define HAVE_FSYNC 1
| #define HAVE_DRAND48 1
| #define HAVE_LIBZ 1
| #define HAVE_LIBBZ2 1
| #define HAVE_LIBLZMA 1
| /* end confdefs.h.  */
| ;
| 
| #include <libdeflate.h>
configure:5119: result: no
configure:5128: checking for libdeflate_deflate_compress in -ldeflate
configure:5153: gcc -o conftest  -Wall -g -O2 -fvisibility=hidden   -fvisibility=hidden conftest.c -ldeflate  -llzma -lbz2 -lz  >&5
ld: library not found for -ldeflate
clang: error: linker command failed with exit code 1 (use -v to see invocation)
configure:5153: $? = 1
configure: failed program was:
| /* confdefs.h */
| #define PACKAGE_NAME "HTSlib"
| #define PACKAGE_TARNAME "htslib"
| #define PACKAGE_VERSION "1.15.1"
| #define PACKAGE_STRING "HTSlib 1.15.1"
| #define PACKAGE_BUGREPORT "samtools-help@lists.sourceforge.net"
| #define PACKAGE_URL "http://www.htslib.org/"
| #define STDC_HEADERS 1
| #define HAVE_SYS_TYPES_H 1
| #define HAVE_SYS_STAT_H 1
| #define HAVE_STDLIB_H 1
| #define HAVE_STRING_H 1
| #define HAVE_MEMORY_H 1
| #define HAVE_STRINGS_H 1
| #define HAVE_INTTYPES_H 1
| #define HAVE_STDINT_H 1
| #define HAVE_UNISTD_H 1
| #define HAVE_STDLIB_H 1
| #define HAVE_UNISTD_H 1
| #define HAVE_SYS_PARAM_H 1
| #define HAVE_GETPAGESIZE 1
| #define HAVE_MMAP 1
| #define HAVE_GMTIME_R 1
| #define HAVE_FSYNC 1
| #define HAVE_DRAND48 1
| #define HAVE_LIBZ 1
| #define HAVE_LIBBZ2 1
| #define HAVE_LIBLZMA 1
| /* end confdefs.h.  */
| 
| /* Override any GCC internal prototype to avoid an error.
|    Use char because int might match the return type of a GCC
|    builtin and then its argument prototype would still apply.  */
| #ifdef __cplusplus
| extern "C"
| #endif
| char libdeflate_deflate_compress ();
| int
| main ()
| {
| return libdeflate_deflate_compress ();
|   ;
|   return 0;
| }
configure:5162: result: no
configure:5201: checking for curl/curl.h
configure:5201: gcc -c  -Wall -g -O2 -fvisibility=hidden  conftest.c >&5
configure:5201: $? = 0
configure:5201: result: yes
configure:5210: checking for curl_easy_pause in -lcurl
configure:5235: gcc -o conftest  -Wall -g -O2 -fvisibility=hidden   -fvisibility=hidden conftest.c -lcurl  -llzma -lbz2 -lz  >&5
configure:5235: $? = 0
configure:5244: result: yes
configure:5379: checking for CCHmac
configure:5379: gcc -o conftest  -Wall -g -O2 -fvisibility=hidden   -fvisibility=hidden conftest.c -llzma -lbz2 -lz  >&5
configure:5379: $? = 0
configure:5379: result: yes
configure:5476: checking for library containing regcomp
configure:5507: gcc -o conftest  -Wall -g -O2 -fvisibility=hidden   -fvisibility=hidden conftest.c -llzma -lbz2 -lz  >&5
configure:5507: $? = 0
configure:5524: result: none required
configure:5533: checking whether PTHREAD_MUTEX_RECURSIVE is declared
configure:5533: gcc -c  -Wall -g -O2 -fvisibility=hidden  conftest.c >&5
configure:5533: $? = 0
configure:5533: result: yes
configure:5699: creating ./config.status

## ---------------------- ##
## Running config.status. ##
## ---------------------- ##

This file was extended by HTSlib config.status 1.15.1, which was
generated by GNU Autoconf 2.69.  Invocation command line was

  CONFIG_FILES    = 
  CONFIG_HEADERS  = 
  CONFIG_LINKS    = 
  CONFIG_COMMANDS = 
  $ ./config.status 

on Rajeeva’s-MacBook-Pro

config.status:849: creating config.mk
config.status:849: creating htslib.pc.tmp
config.status:849: creating config.h
config.status:1019: config.h is unchanged
config.status:1045: linking htscodecs_bundled.mk to htscodecs.mk

## ---------------- ##
## Cache variables. ##
## ---------------- ##

ac_cv_c_compiler_gnu=yes
ac_cv_env_CC_set=
ac_cv_env_CC_value=
ac_cv_env_CFLAGS_set=
ac_cv_env_CFLAGS_value=
ac_cv_env_CPPFLAGS_set=
ac_cv_env_CPPFLAGS_value=
ac_cv_env_CPP_set=
ac_cv_env_CPP_value=
ac_cv_env_LDFLAGS_set=
ac_cv_env_LDFLAGS_value=
ac_cv_env_LIBS_set=
ac_cv_env_LIBS_value=
ac_cv_env_PKG_CONFIG_LIBDIR_set=
ac_cv_env_PKG_CONFIG_LIBDIR_value=
ac_cv_env_PKG_CONFIG_PATH_set=
ac_cv_env_PKG_CONFIG_PATH_value=
ac_cv_env_PKG_CONFIG_set=
ac_cv_env_PKG_CONFIG_value=
ac_cv_env_build_alias_set=
ac_cv_env_build_alias_value=
ac_cv_env_host_alias_set=
ac_cv_env_host_alias_value=
ac_cv_env_target_alias_set=
ac_cv_env_target_alias_value=
ac_cv_func_CCHmac=yes
ac_cv_func_drand48=yes
ac_cv_func_fsync=yes
ac_cv_func_getpagesize=yes
ac_cv_func_gmtime_r=yes
ac_cv_func_mmap_fixed_mapped=yes
ac_cv_func_srand48_deterministic=no
ac_cv_have_decl_PTHREAD_MUTEX_RECURSIVE=yes
ac_cv_have_decl_fdatasync_int_=no
ac_cv_header_bzlib_h=yes
ac_cv_header_curl_curl_h=yes
ac_cv_header_inttypes_h=yes
ac_cv_header_libdeflate_h=no
ac_cv_header_lzma_h=no
ac_cv_header_memory_h=yes
ac_cv_header_stdc=yes
ac_cv_header_stdint_h=yes
ac_cv_header_stdlib_h=yes
ac_cv_header_string_h=yes
ac_cv_header_strings_h=yes
ac_cv_header_sys_param_h=yes
ac_cv_header_sys_stat_h=yes
ac_cv_header_sys_types_h=yes
ac_cv_header_unistd_h=yes
ac_cv_header_zlib_h=yes
ac_cv_lib_bz2_BZ2_bzBuffToBuffCompress=yes
ac_cv_lib_curl_curl_easy_pause=yes
ac_cv_lib_deflate_libdeflate_deflate_compress=no
ac_cv_lib_lzma_lzma_easy_buffer_encode=yes
ac_cv_lib_z_inflate=yes
ac_cv_objext=o
ac_cv_path_EGREP='/usr/bin/grep -E'
ac_cv_path_GREP=/usr/bin/grep
ac_cv_path_ac_pt_PKG_CONFIG=/usr/local/bin/pkg-config
ac_cv_prog_CPP='gcc -E'
ac_cv_prog_ac_ct_CC=gcc
ac_cv_prog_ac_ct_RANLIB=ranlib
ac_cv_prog_cc_c89=
ac_cv_prog_cc_g=yes
ac_cv_search_log='none required'
ac_cv_search_recv='none required'
ac_cv_search_regcomp='none required'
ac_cv_sys_file_offset_bits=no
ac_cv_sys_largefile_CC=no
hts_cv_check__fvisibility_hidden=yes
hts_cv_prog_cc_warnings=-Wall

## ----------------- ##
## Output variables. ##
## ----------------- ##

CC='gcc'
CFLAGS=' -Wall -g -O2 -fvisibility=hidden'
CPP='gcc -E'
CPPFLAGS=''
CRYPTO_LIBS=''
DEFS='-DHAVE_CONFIG_H'
ECHO_C='\c'
ECHO_N=''
ECHO_T=''
EGREP='/usr/bin/grep -E'
EXEEXT=''
GREP='/usr/bin/grep'
HTSDIRslash_if_relsrcdir='$(HTSDIR)/'
LDFLAGS=' -fvisibility=hidden'
LIBOBJS=''
LIBS='-llzma -lbz2 -lz '
LTLIBOBJS=''
OBJEXT='o'
PACKAGE_BUGREPORT='samtools-help@lists.sourceforge.net'
PACKAGE_NAME='HTSlib'
PACKAGE_STRING='HTSlib 1.15.1'
PACKAGE_TARNAME='htslib'
PACKAGE_URL='http://www.htslib.org/'
PACKAGE_VERSION='1.15.1'
PATH_SEPARATOR=':'
PKG_CONFIG='/usr/local/bin/pkg-config'
PKG_CONFIG_LIBDIR=''
PKG_CONFIG_PATH=''
PLATFORM='Darwin'
PLUGIN_EXT='.bundle'
RANLIB='ranlib'
SHELL='/bin/sh'
ac_ct_CC='gcc'
bindir='${exec_prefix}/bin'
build_alias=''
datadir='${datarootdir}'
datarootdir='${prefix}/share'
docdir='${datarootdir}/doc/${PACKAGE_TARNAME}'
dvidir='${docdir}'
enable_plugins='no'
exec_prefix='${prefix}'
gcs='enabled'
host_alias=''
htmldir='${docdir}'
includedir='${prefix}/include'
infodir='${datarootdir}/info'
libcurl='enabled'
libdir='${exec_prefix}/lib'
libexecdir='${exec_prefix}/libexec'
localedir='${datarootdir}/locale'
localstatedir='${prefix}/var'
mandir='${datarootdir}/man'
oldincludedir='/usr/include'
pc_requires=' liblzma'
pdfdir='${docdir}'
plugindir='$(libexecdir)/htslib'
pluginpath='$(libexecdir)/htslib'
prefix='/usr/local'
private_LIBS=' -lbz2'
program_transform_name='s,x,x,'
psdir='${docdir}'
runstatedir='${localstatedir}/run'
s3='enabled'
sbindir='${exec_prefix}/sbin'
sharedstatedir='${prefix}/com'
static_LDFLAGS=''
static_LIBS='-lpthread -lz -lm -lbz2 -llzma -lcurl '
sysconfdir='${prefix}/etc'
target_alias=''
with_external_htscodecs='no'

## ----------- ##
## confdefs.h. ##
## ----------- ##

/* confdefs.h */
#define PACKAGE_NAME "HTSlib"
#define PACKAGE_TARNAME "htslib"
#define PACKAGE_VERSION "1.15.1"
#define PACKAGE_STRING "HTSlib 1.15.1"
#define PACKAGE_BUGREPORT "samtools-help@lists.sourceforge.net"
#define PACKAGE_URL "http://www.htslib.org/"
#define STDC_HEADERS 1
#define HAVE_SYS_TYPES_H 1
#define HAVE_SYS_STAT_H 1
#define HAVE_STDLIB_H 1
#define HAVE_STRING_H 1
#define HAVE_MEMORY_H 1
#define HAVE_STRINGS_H 1
#define HAVE_INTTYPES_H 1
#define HAVE_STDINT_H 1
#define HAVE_UNISTD_H 1
#define HAVE_STDLIB_H 1
#define HAVE_UNISTD_H 1
#define HAVE_SYS_PARAM_H 1
#define HAVE_GETPAGESIZE 1
#define HAVE_MMAP 1
#define HAVE_GMTIME_R 1
#define HAVE_FSYNC 1
#define HAVE_DRAND48 1
#define HAVE_LIBZ 1
#define HAVE_LIBBZ2 1
#define HAVE_LIBLZMA 1
#define HAVE_LIBCURL 1
#define ENABLE_GCS 1
#define HAVE_COMMONCRYPTO 1
#define ENABLE_S3 1

configure: exit 0
